This is pdfTeX, Version 3.14159265-2.6-1.40.21 (MiKTeX 20.10) (preloaded format=latex 2020.10.29)  15 MAR 2021 20:32
entering extended mode
**./Matlab_Manual.tex
(Matlab_Manual.tex
LaTeX2e <2020-10-01> patch level 2
L3 programming layer <2020-10-05> xparse <2020-03-03>
("C:\Users\MOI\AppData\Local\Programs\MiKTeX 2.9\tex/latex/koma-script\scrartcl
.cls"
Document Class: scrartcl 2020/09/21 v3.32 KOMA-Script document class (article)

("C:\Users\MOI\AppData\Local\Programs\MiKTeX 2.9\tex/latex/koma-script\scrkbase
.sty"
Package: scrkbase 2020/09/21 v3.32 KOMA-Script package (KOMA-Script-dependent b
asics and keyval usage)

("C:\Users\MOI\AppData\Local\Programs\MiKTeX 2.9\tex/latex/koma-script\scrbase.
sty"
Package: scrbase 2020/09/21 v3.32 KOMA-Script package (KOMA-Script-independent 
basics and keyval usage)

("C:\Users\MOI\AppData\Local\Programs\MiKTeX 2.9\tex/latex/koma-script\scrlfile
.sty"
Package: scrlfile 2020/09/21 v3.32 KOMA-Script package (file load hooks)

("C:\Users\MOI\AppData\Local\Programs\MiKTeX 2.9\tex/latex/koma-script\scrlfile
-hook.sty"
Package: scrlfile-hook 2020/09/21 v3.32 KOMA-Script package (using LaTeX hooks)


LaTeX3 Info: Defining command \BeforeFile with sig. 'm' on line 61.


LaTeX3 Info: Defining command \AfterFile with sig. 'm' on line 65.


LaTeX3 Info: Defining command \BeforeClass with sig. 'm' on line 69.


LaTeX3 Info: Defining command \BeforePackage with sig. 'm' on line 73.


LaTeX3 Info: Defining command \AfterAtEndOfClass with sig. 'smo+m' on line 83.


LaTeX3 Info: Defining command \AfterAtEndOfPackage with sig. 'smo+m' on line
(LaTeX3)     93.


LaTeX3 Info: Defining command \scrlfile@AfterClass with sig. 'smo+m' on line
(LaTeX3)     173.


LaTeX3 Info: Defining command \AfterClass with sig. '' on line 174.


LaTeX3 Info: Defining command \scrlfile@AfterPackage with sig. 'smo+m' on line
(LaTeX3)     191.


LaTeX3 Info: Defining command \AfterPackage with sig. '' on line 192.


LaTeX3 Info: Defining command \ReplaceInput with sig. '' on line 193.


LaTeX3 Info: Defining command \ReplaceClass with sig. 'mm' on line 196.


LaTeX3 Info: Defining command \ReplacePackage with sig. 'mm' on line 199.


LaTeX3 Info: Defining command \UnReplaceInput with sig. '' on line 200.


LaTeX3 Info: Defining command \UnReplaceClass with sig. 'm' on line 203.


LaTeX3 Info: Defining command \UnReplacePackage with sig. 'mm' on line 206.


LaTeX3 Info: Defining command \PreventPackageFromLoading with sig. 's+om' on
(LaTeX3)     line 234.


LaTeX3 Info: Defining command \StorePreventPackageFromLoading with sig. 'm' on
(LaTeX3)     line 242.


LaTeX3 Info: Defining command \ResetPreventPackageFromLoading with sig. '' on
(LaTeX3)     line 247.


LaTeX3 Info: Defining command \UnPreventPackageFromLoading with sig. 'sm' on
(LaTeX3)     line 261.


LaTeX3 Info: Defining command \BeforeClosingMainAux with sig. 'om' on line
(LaTeX3)     274.


LaTeX3 Info: Defining command \AfterReadingMainAux with sig. 'om' on line 287.


LaTeX3 Info: Defining command \protected@immediate@write with sig. 'm+m+m' on
(LaTeX3)     line 298.


("C:\Users\MOI\AppData\Local\Programs\MiKTeX 2.9\tex/latex/koma-script\scrlogo.
sty"
Package: scrlogo 2020/09/21 v3.32 KOMA-Script package (logo)
)))
("C:\Users\MOI\AppData\Local\Programs\MiKTeX 2.9\tex/latex/graphics\keyval.sty"
Package: keyval 2014/10/28 v1.15 key=value parser (DPC)
\KV@toks@=\toks15
)))
("C:\Users\MOI\AppData\Local\Programs\MiKTeX 2.9\tex/latex/koma-script\tocbasic
.sty"
Package: tocbasic 2020/09/21 v3.32 KOMA-Script package (handling toc-files)
\scr@dte@tocline@numberwidth=\skip47
\scr@dte@tocline@numbox=\box47
)
Package tocbasic Info: babel extension for `toc' omitted
(tocbasic)             because of missing \bbl@set@language on input line 135.
Package scrartcl Info: You've used standard option `12pt'.
(scrartcl)             This is correct!
(scrartcl)             Internally I'm using `fontsize=12pt'.
(scrartcl)             If you'd like to set the option with \KOMAoptions,
(scrartcl)             you'd have to use `fontsize=12pt' there
(scrartcl)             instead of `12pt', too.
Class scrartcl Info: You've used standard option `oneside'.
(scrartcl)           This is correct!
(scrartcl)           Internally I'm using `twoside=false'.
(scrartcl)           If you'd like to set the option with \KOMAoptions,
(scrartcl)           you'd have to use `twoside=false' there
(scrartcl)           instead of `oneside', too.
Class scrartcl Info: You've used standard option `notitlepage'.
(scrartcl)           This is correct!
(scrartcl)           Internally I'm using `titlepage=false'.
(scrartcl)           If you'd like to set the option with \KOMAoptions,
(scrartcl)           you'd have to use `titlepage=false' there
(scrartcl)           instead of `notitlepage', too.


Class scrartcl Warning: You've used obsolete option `abstracton'.
(scrartcl)              Usage of this option indicates an old document
(scrartcl)              and changes compatibility level using
(scrartcl)              `abstract=true,version=first,
(scrartcl)              enabledeprecatedfontcommands' that may result
(scrartcl)              in further warnings.
(scrartcl)              If you don't want this, you should simply
(scrartcl)              replace option `abstracton' by `abstract=true'.

Class scrartcl Info: Switching compatibility level to `first'.

Class scrartcl Warning: deprecated option `enabledeprecatedfontcommands'.
(scrartcl)              Note, that this option was already depreacted when
(scrartcl)              it has been defined. Support for old font commands
(scrartcl)              has been removed from KOMA-Script more than one
(scrartcl)              decade ago. It is not recommended to use them any
(scrartcl)              longer. Therefore usage of this class option also
(scrartcl)              is not recommended.

Class scrartcl Info: File `scrsize12pt.clo' used to setup font sizes on input l
ine 2222.

("C:\Users\MOI\AppData\Local\Programs\MiKTeX 2.9\tex/latex/koma-script\scrsize1
2pt.clo"
File: scrsize12pt.clo 2020/09/21 v3.32 KOMA-Script font size class option (12pt
)
)
("C:\Users\MOI\AppData\Local\Programs\MiKTeX 2.9\tex/latex/koma-script\typearea
.sty"
Package: typearea 2020/09/21 v3.32 KOMA-Script package (type area)
\ta@bcor=\skip48
\ta@div=\count175
Package typearea Info: You've used standard option `oneside'.
(typearea)             This is correct!
(typearea)             Internally I'm using `twoside=false'.
(typearea)             If you'd like to set the option with \KOMAoptions,
(typearea)             you'd have to use `twoside=false' there
(typearea)             instead of `oneside', too.
Package typearea Info: You've used standard option `a4paper'.
(typearea)             This is correct!
(typearea)             Internally I'm using `paper=a4'.
(typearea)             If you'd like to set the option with \KOMAoptions,
(typearea)             you'd have to use `paper=a4' there
(typearea)             instead of `a4paper', too.
\ta@hblk=\skip49
\ta@vblk=\skip50
\ta@temp=\skip51
\footheight=\skip52
Package typearea Info: These are the values describing the layout:
(typearea)             DIV  = 12
(typearea)             BCOR = 0.0pt
(typearea)             \paperwidth      = 597.50793pt
(typearea)              \textwidth      = 448.13095pt
(typearea)              DIV departure   = -6%
(typearea)              \evensidemargin = 2.4185pt
(typearea)              \oddsidemargin  = 2.4185pt
(typearea)             \paperheight     = 845.04694pt
(typearea)              \textheight     = 635.5pt
(typearea)              \topmargin      = -41.72441pt
(typearea)              \headheight     = 18.125pt
(typearea)              \headsep        = 21.75pt
(typearea)              \topskip        = 12.0pt
(typearea)              \footskip       = 50.75pt
(typearea)              \baselineskip   = 14.5pt
(typearea)              on input line 1740.
)
\c@part=\count176
\c@section=\count177
\c@subsection=\count178
\c@subsubsection=\count179
\c@paragraph=\count180
\c@subparagraph=\count181
\scr@dte@section@maxnumwidth=\skip53
Class scrartcl Info: using compatibility default `runin=bysign'
(scrartcl)           for `\section on input line 4795.
Class scrartcl Info: using compatibility default `afterindent=bysign'
(scrartcl)           for `\section on input line 4795.
\scr@dte@part@maxnumwidth=\skip54
Class scrartcl Info: using compatibility default `afterindent=false'
(scrartcl)           for `\part on input line 4803.
\scr@dte@subsection@maxnumwidth=\skip55
Class scrartcl Info: using compatibility default `runin=bysign'
(scrartcl)           for `\subsection on input line 4813.
Class scrartcl Info: using compatibility default `afterindent=bysign'
(scrartcl)           for `\subsection on input line 4813.
\scr@dte@subsubsection@maxnumwidth=\skip56
Class scrartcl Info: using compatibility default `runin=bysign'
(scrartcl)           for `\subsubsection on input line 4823.
Class scrartcl Info: using compatibility default `afterindent=bysign'
(scrartcl)           for `\subsubsection on input line 4823.
\scr@dte@paragraph@maxnumwidth=\skip57
Class scrartcl Info: using compatibility default `runin=bysign'
(scrartcl)           for `\paragraph on input line 4834.
Class scrartcl Info: using compatibility default `afterindent=bysign'
(scrartcl)           for `\paragraph on input line 4834.
\scr@dte@subparagraph@maxnumwidth=\skip58
Class scrartcl Info: using compatibility default `runin=bysign'
(scrartcl)           for `\subparagraph on input line 4844.
Class scrartcl Info: using compatibility default `afterindent=bysign'
(scrartcl)           for `\subparagraph on input line 4844.
\abovecaptionskip=\skip59
\belowcaptionskip=\skip60
\c@pti@nb@sid@b@x=\box48
Package tocbasic Info: babel extension for `lof' omitted
(tocbasic)             because of missing \bbl@set@language on input line 6076.

\scr@dte@figure@maxnumwidth=\skip61
\c@figure=\count182
Package tocbasic Info: babel extension for `lot' omitted
(tocbasic)             because of missing \bbl@set@language on input line 6088.

\scr@dte@table@maxnumwidth=\skip62
\c@table=\count183
Class scrartcl Info: Using old \@makefntext due to compatibility level
(scrartcl)           less than 3.22 on input line 6239.
Class scrartcl Info: Redefining `\numberline' on input line 6252.
\bibindent=\dimen138
)
("C:\Users\MOI\AppData\Local\Programs\MiKTeX 2.9\tex/latex/graphics\epsfig.sty"
Package: epsfig 2017/06/25 v1.7b (e)psfig emulation (SPQR)

("C:\Users\MOI\AppData\Local\Programs\MiKTeX 2.9\tex/latex/graphics\graphicx.st
y"
Package: graphicx 2020/09/09 v1.2b Enhanced LaTeX Graphics (DPC,SPQR)

("C:\Users\MOI\AppData\Local\Programs\MiKTeX 2.9\tex/latex/graphics\graphics.st
y"
Package: graphics 2020/08/30 v1.4c Standard LaTeX Graphics (DPC,SPQR)
 ("C:\Users\MOI\AppData\Local\Programs\MiKTeX 2.9\tex/latex/graphics\trig.sty"
Package: trig 2016/01/03 v1.10 sin cos tan (DPC)
)
("C:\Users\MOI\AppData\Local\Programs\MiKTeX 2.9\tex/latex/graphics-cfg\graphic
s.cfg"
File: graphics.cfg 2016/06/04 v1.11 sample graphics configuration
)
Package graphics Info: Driver file: dvips.def on input line 105.

("C:\Users\MOI\AppData\Local\Programs\MiKTeX 2.9\tex/latex/graphics-def\dvips.d
ef"
File: dvips.def 2017/06/20 v3.1d Graphics/color driver for dvips
))
\Gin@req@height=\dimen139
\Gin@req@width=\dimen140
)
\epsfxsize=\dimen141
\epsfysize=\dimen142
) (scrpage2.sty
Package: scrpage2 2001/08/18 v2.0j LaTeX2e KOMA package
LaTeX Info: Redefining \pagemark on input line 130.
LaTeX Info: Redefining \KOMAScript on input line 959.
)
("C:\Users\MOI\AppData\Local\Programs\MiKTeX 2.9\tex/latex/epstopdf-pkg\epstopd
f.sty"
Package: epstopdf 2020-01-24 v2.11 Conversion with epstopdf on the fly (HO)

("C:\Users\MOI\AppData\Local\Programs\MiKTeX 2.9\tex/generic/infwarerr\infwarer
r.sty"
Package: infwarerr 2019/12/03 v1.5 Providing info/warning/error messages (HO)
)
("C:\Users\MOI\AppData\Local\Programs\MiKTeX 2.9\tex/latex/grfext\grfext.sty"
Package: grfext 2019/12/03 v1.3 Manage graphics extensions (HO)

("C:\Users\MOI\AppData\Local\Programs\MiKTeX 2.9\tex/generic/kvdefinekeys\kvdef
inekeys.sty"
Package: kvdefinekeys 2019-12-19 v1.6 Define keys (HO)
))
("C:\Users\MOI\AppData\Local\Programs\MiKTeX 2.9\tex/latex/kvoptions\kvoptions.
sty"
Package: kvoptions 2019/11/29 v3.13 Key value format for package options (HO)

("C:\Users\MOI\AppData\Local\Programs\MiKTeX 2.9\tex/generic/ltxcmds\ltxcmds.st
y"
Package: ltxcmds 2020-05-10 v1.25 LaTeX kernel commands for general use (HO)
)
("C:\Users\MOI\AppData\Local\Programs\MiKTeX 2.9\tex/generic/kvsetkeys\kvsetkey
s.sty"
Package: kvsetkeys 2019/12/15 v1.18 Key value parser (HO)
))
("C:\Users\MOI\AppData\Local\Programs\MiKTeX 2.9\tex/generic/pdftexcmds\pdftexc
mds.sty"
Package: pdftexcmds 2020-06-27 v0.33 Utility functions of pdfTeX for LuaTeX (HO
)

("C:\Users\MOI\AppData\Local\Programs\MiKTeX 2.9\tex/generic/iftex\iftex.sty"
Package: iftex 2020/03/06 v1.0d TeX engine tests
)
Package pdftexcmds Info: \pdf@primitive is available.
Package pdftexcmds Info: \pdf@ifprimitive is available.
Package pdftexcmds Info: \pdfdraftmode is ignored in DVI mode.
)
("C:\Users\MOI\AppData\Local\Programs\MiKTeX 2.9\tex/latex/epstopdf-pkg\epstopd
f-base.sty"
Package: epstopdf-base 2020-01-24 v2.11 Base part for package epstopdf


Package epstopdf Warning: Drivers other than `pdftex' and `luatex' are not supp
orted.

)) ("C:\Users\MOI\AppData\Local\Programs\MiKTeX 2.9\tex/latex/psfrag\psfrag.sty
"
Package: psfrag 1998/04/11 v3.04 PSfrag (MCG)
\pfg@pcount=\count184
\pfg@scount=\count185
\pfg@temp=\write3
) (mcode.sty
-- Package: `mcode' 2.4 <2013/11/05> --
Package: mcode 2013/11/05 2.4
 - settings optimized for display (colour formating)
 - line numbering enabled
 - literate programming (character replacements) enabled
 - automatic line breaking enabled (careful, buggy!)
 - framed listings
("C:\Users\MOI\AppData\Local\Programs\MiKTeX 2.9\tex/latex/xcolor\xcolor.sty"
Package: xcolor 2016/05/11 v2.12 LaTeX color extensions (UK)

("C:\Users\MOI\AppData\Local\Programs\MiKTeX 2.9\tex/latex/graphics-cfg\color.c
fg"
File: color.cfg 2016/01/02 v1.6 sample color configuration
)
Package xcolor Info: Driver file: dvips.def on input line 225.
Package xcolor Info: Model `cmy' substituted by `cmy0' on input line 1348.
Package xcolor Info: Model `RGB' extended on input line 1364.
Package xcolor Info: Model `HTML' substituted by `rgb' on input line 1366.
Package xcolor Info: Model `Hsb' substituted by `hsb' on input line 1367.
Package xcolor Info: Model `tHsb' substituted by `hsb' on input line 1368.
Package xcolor Info: Model `HSB' substituted by `hsb' on input line 1369.
Package xcolor Info: Model `Gray' substituted by `gray' on input line 1370.
Package xcolor Info: Model `wave' substituted by `hsb' on input line 1371.
)
("C:\Users\MOI\AppData\Local\Programs\MiKTeX 2.9\tex/latex/listings\listings.st
y"
\lst@mode=\count186
\lst@gtempboxa=\box49
\lst@token=\toks16
\lst@length=\count187
\lst@currlwidth=\dimen143
\lst@column=\count188
\lst@pos=\count189
\lst@lostspace=\dimen144
\lst@width=\dimen145
\lst@newlines=\count190
\lst@lineno=\count191
\lst@maxwidth=\dimen146

("C:\Users\MOI\AppData\Local\Programs\MiKTeX 2.9\tex/latex/listings\lstmisc.sty
"
File: lstmisc.sty 2020/03/24 1.8d (Carsten Heinz)
\c@lstnumber=\count192
\lst@skipnumbers=\count193
\lst@framebox=\box50
)
("C:\Users\MOI\AppData\Local\Programs\MiKTeX 2.9\tex/latex/listings\listings.cf
g"
File: listings.cfg 2020/03/24 1.8d listings configuration
))
Package: listings 2020/03/24 1.8d (Carsten Heinz)
\lbreakdots=\box51
LaTeX Font Info:    Trying to load font information for OT1+pcr on input line 2
27.
 ("C:\Users\MOI\AppData\Local\Programs\MiKTeX 2.9\tex/latex/psnfss\ot1pcr.fd"
File: ot1pcr.fd 2001/06/04 font definitions for OT1/pcr.
))
("C:\Users\MOI\AppData\Local\Programs\MiKTeX 2.9\tex/latex/colortbl\colortbl.st
y"
Package: colortbl 2020/01/04 v1.0e Color table columns (DPC)
 ("C:\Users\MOI\AppData\Local\Programs\MiKTeX 2.9\tex/latex/tools\array.sty"
Package: array 2019/08/31 v2.4l Tabular extension package (FMi)
\col@sep=\dimen147
\ar@mcellbox=\box52
\extrarowheight=\dimen148
\NC@list=\toks17
\extratabsurround=\skip63
\backup@length=\skip64
\ar@cellbox=\box53
)
\everycr=\toks18
\minrowclearance=\skip65
)
\c@theorem=\count194
\c@proposition=\count195
\c@corollary=\count196
\c@definition=\count197
\c@fact=\count198
\c@lemma=\count199
\c@assumption=\count266
\c@problem=\count267
\c@remark=\count268
\c@example=\count269

("C:\Users\MOI\AppData\Local\Programs\MiKTeX 2.9\tex/latex/l3backend\l3backend-
dvips.def"
File: l3backend-dvips.def 2020-09-24 L3 backend support: dvips
\l__pdf_internal_box=\box54
\g__pdf_backend_object_int=\count270
\l__pdf_backend_content_box=\box55
\l__pdf_backend_model_box=\box56
\g__pdf_backend_annotation_int=\count271
\g__pdf_backend_link_int=\count272
\g__pdf_backend_link_sf_int=\count273
) (Matlab_Manual.aux)
\openout1 = `Matlab_Manual.aux'.

LaTeX Font Info:    Checking defaults for OML/cmm/m/it on input line 86.
LaTeX Font Info:    ... okay on input line 86.
LaTeX Font Info:    Checking defaults for OMS/cmsy/m/n on input line 86.
LaTeX Font Info:    ... okay on input line 86.
LaTeX Font Info:    Checking defaults for OT1/cmr/m/n on input line 86.
LaTeX Font Info:    ... okay on input line 86.
LaTeX Font Info:    Checking defaults for T1/cmr/m/n on input line 86.
LaTeX Font Info:    ... okay on input line 86.
LaTeX Font Info:    Checking defaults for TS1/cmr/m/n on input line 86.
LaTeX Font Info:    ... okay on input line 86.
LaTeX Font Info:    Checking defaults for OMX/cmex/m/n on input line 86.
LaTeX Font Info:    ... okay on input line 86.
LaTeX Font Info:    Checking defaults for U/cmr/m/n on input line 86.
LaTeX Font Info:    ... okay on input line 86.
Package scrbase Info: activating english \contentsname on input line 86.
Package scrbase Info: activating english \listfigurename on input line 86.
Package scrbase Info: activating english \listtablename on input line 86.
\c@lstlisting=\count274
LaTeX Font Info:    External font `cmex10' loaded for size
(Font)              <17.28> on input line 89.
LaTeX Font Info:    External font `cmex10' loaded for size
(Font)              <12> on input line 89.
LaTeX Font Info:    External font `cmex10' loaded for size
(Font)              <8> on input line 96.
LaTeX Font Info:    External font `cmex10' loaded for size
(Font)              <6> on input line 96.
 [1


] (Matlab_Manual.toc
LaTeX Font Info:    Font shape `OT1/cmtt/bx/n' in size <12> not available
(Font)              Font shape `OT1/cmtt/m/n' tried instead on input line 8.
)
\tf@toc=\write4
\openout4 = `Matlab_Manual.toc'.

 [2]
Overfull \hbox (29.79112pt too wide) in paragraph at lines 116--118
[]\OT1/cmr/m/n/12 To solve the quadratic pro-gram-ming prob-lem us-ing \OT1/cmt
t/m/n/12 quadprog \OT1/cmr/m/n/12 func-tion the \OT1/cmtt/m/n/12 OPTIMIZATION
 []

[3]
Overfull \hbox (31.50015pt too wide) in paragraph at lines 133--134
\OT1/cmr/m/n/12 (us-ing \OT1/cmtt/m/it/12 script[]constant.m\OT1/cmr/m/n/12 ), 
and the ex-per-i-ment steps (us-ing \OT1/cmtt/m/n/12 classdef[]create[]experime
nt\OT1/cmr/m/n/12 ),
 []


Overfull \hbox (29.9661pt too wide) in paragraph at lines 133--134
\OT1/cmr/m/n/12 bance to the phys-i-cal model just un-com-ment \OT1/cmtt/m/n/12
 physical[]model[]storage.add[]storage[]sensors
 []


Overfull \hbox (43.3835pt too wide) in paragraph at lines 133--134
\OT1/cmr/m/n/12 model (the \OT1/cmtt/m/it/12 Sensors \OT1/cmr/m/n/12 in the sch
eme) you need just give the neu-ral time de-lay (\OT1/cmtt/m/n/12 neural[]time[
]delay\OT1/cmr/m/n/12 )
 []

File: images/control_scheme/control_scheme.eps Graphic file (type eps)
<images/control_scheme/control_scheme.eps>
LaTeX Font Info:    External font `cmex10' loaded for size
(Font)              <7> on input line 150.
LaTeX Font Info:    External font `cmex10' loaded for size
(Font)              <5> on input line 150.
 [4]
LaTeX Font Info:    Trying to load font information for TS1+pcr on input line 1
75.

("C:\Users\MOI\AppData\Local\Programs\MiKTeX 2.9\tex/latex/psnfss\ts1pcr.fd"
File: ts1pcr.fd 2001/06/04 font definitions for TS1/pcr.
)

Class scrartcl Warning: deprecated old font command `\bf' used.
(scrartcl)              You should note, that since 1994 LaTeX2e provides a
(scrartcl)              new font selection scheme called NFSS2 with several
(scrartcl)              new, combinable font commands. New KOMA-Script classes
(scrartcl)              defined the old font commands like `\bf' only for
(scrartcl)              compatibility with LaTeX 2.09 document styles of
(scrartcl)              Script 2.0. These commands are deprecated and
(scrartcl)              undocumented at least since 2003. Since 2013,
(scrartcl)              KOMA-Script classes warned about soon removement of
(scrartcl)              these deprecated commands. Now, after two decades of
(scrartcl)              LaTeX2e, NFSS2, and KOMA-Script these commands will
(scrartcl)              not work any longer. If loading a package results in
(scrartcl)              this message you should contact the author of that
(scrartcl)              package and ask him to replace the depracted font
(scrartcl)              command `\bf', e.g., by `\normalfont \bfseries '.
(scrartcl)              Otherwise you should reconfigure or replace the
(scrartcl)              package. If you have used the old font command
(scrartcl)              `\bf' yourself you should replace it, e.g., by
(scrartcl)              `\normalfont \bfseries ' on input line 200.


Class scrartcl Warning: deprecated old font command `\bf' used.
(scrartcl)              You should note, that since 1994 LaTeX2e provides a
(scrartcl)              new font selection scheme called NFSS2 with several
(scrartcl)              new, combinable font commands. New KOMA-Script classes
(scrartcl)              defined the old font commands like `\bf' only for
(scrartcl)              compatibility with LaTeX 2.09 document styles of
(scrartcl)              Script 2.0. These commands are deprecated and
(scrartcl)              undocumented at least since 2003. Since 2013,
(scrartcl)              KOMA-Script classes warned about soon removement of
(scrartcl)              these deprecated commands. Now, after two decades of
(scrartcl)              LaTeX2e, NFSS2, and KOMA-Script these commands will
(scrartcl)              not work any longer. If loading a package results in
(scrartcl)              this message you should contact the author of that
(scrartcl)              package and ask him to replace the depracted font
(scrartcl)              command `\bf', e.g., by `\normalfont \bfseries '.
(scrartcl)              Otherwise you should reconfigure or replace the
(scrartcl)              package. If you have used the old font command
(scrartcl)              `\bf' yourself you should replace it, e.g., by
(scrartcl)              `\normalfont \bfseries ' on input line 200.


Overfull \hbox (2.20045pt too wide) in paragraph at lines 198--237
 [] 
 []


Class scrartcl Warning: deprecated old font command `\bf' used.
(scrartcl)              You should note, that since 1994 LaTeX2e provides a
(scrartcl)              new font selection scheme called NFSS2 with several
(scrartcl)              new, combinable font commands. New KOMA-Script classes
(scrartcl)              defined the old font commands like `\bf' only for
(scrartcl)              compatibility with LaTeX 2.09 document styles of
(scrartcl)              Script 2.0. These commands are deprecated and
(scrartcl)              undocumented at least since 2003. Since 2013,
(scrartcl)              KOMA-Script classes warned about soon removement of
(scrartcl)              these deprecated commands. Now, after two decades of
(scrartcl)              LaTeX2e, NFSS2, and KOMA-Script these commands will
(scrartcl)              not work any longer. If loading a package results in
(scrartcl)              this message you should contact the author of that
(scrartcl)              package and ask him to replace the depracted font
(scrartcl)              command `\bf', e.g., by `\normalfont \bfseries '.
(scrartcl)              Otherwise you should reconfigure or replace the
(scrartcl)              package. If you have used the old font command
(scrartcl)              `\bf' yourself you should replace it, e.g., by
(scrartcl)              `\normalfont \bfseries ' on input line 246.


Class scrartcl Warning: deprecated old font command `\bf' used.
(scrartcl)              You should note, that since 1994 LaTeX2e provides a
(scrartcl)              new font selection scheme called NFSS2 with several
(scrartcl)              new, combinable font commands. New KOMA-Script classes
(scrartcl)              defined the old font commands like `\bf' only for
(scrartcl)              compatibility with LaTeX 2.09 document styles of
(scrartcl)              Script 2.0. These commands are deprecated and
(scrartcl)              undocumented at least since 2003. Since 2013,
(scrartcl)              KOMA-Script classes warned about soon removement of
(scrartcl)              these deprecated commands. Now, after two decades of
(scrartcl)              LaTeX2e, NFSS2, and KOMA-Script these commands will
(scrartcl)              not work any longer. If loading a package results in
(scrartcl)              this message you should contact the author of that
(scrartcl)              package and ask him to replace the depracted font
(scrartcl)              command `\bf', e.g., by `\normalfont \bfseries '.
(scrartcl)              Otherwise you should reconfigure or replace the
(scrartcl)              package. If you have used the old font command
(scrartcl)              `\bf' yourself you should replace it, e.g., by
(scrartcl)              `\normalfont \bfseries ' on input line 246.


Overfull \hbox (16.99477pt too wide) in paragraph at lines 244--279
 [] 
 []

[5

] [6] [7]
LaTeX Font Info:    Font shape `OT1/cmtt/bx/n' in size <14.4> not available
(Font)              Font shape `OT1/cmtt/m/n' tried instead on input line 290.

Overfull \hbox (3.06882pt too wide) in paragraph at lines 301--304
\OT1/cmr/m/n/12 Here, the \OT1/cmtt/m/n/12 script[]init[]storage[]sensor[]dynam
ics.m \OT1/cmr/m/n/12 file stores the model states recorded
 []

[8]

Class scrartcl Warning: deprecated old font command `\bf' used.
(scrartcl)              You should note, that since 1994 LaTeX2e provides a
(scrartcl)              new font selection scheme called NFSS2 with several
(scrartcl)              new, combinable font commands. New KOMA-Script classes
(scrartcl)              defined the old font commands like `\bf' only for
(scrartcl)              compatibility with LaTeX 2.09 document styles of
(scrartcl)              Script 2.0. These commands are deprecated and
(scrartcl)              undocumented at least since 2003. Since 2013,
(scrartcl)              KOMA-Script classes warned about soon removement of
(scrartcl)              these deprecated commands. Now, after two decades of
(scrartcl)              LaTeX2e, NFSS2, and KOMA-Script these commands will
(scrartcl)              not work any longer. If loading a package results in
(scrartcl)              this message you should contact the author of that
(scrartcl)              package and ask him to replace the depracted font
(scrartcl)              command `\bf', e.g., by `\normalfont \bfseries '.
(scrartcl)              Otherwise you should reconfigure or replace the
(scrartcl)              package. If you have used the old font command
(scrartcl)              `\bf' yourself you should replace it, e.g., by
(scrartcl)              `\normalfont \bfseries ' on input line 311.


Class scrartcl Warning: deprecated old font command `\bf' used.
(scrartcl)              You should note, that since 1994 LaTeX2e provides a
(scrartcl)              new font selection scheme called NFSS2 with several
(scrartcl)              new, combinable font commands. New KOMA-Script classes
(scrartcl)              defined the old font commands like `\bf' only for
(scrartcl)              compatibility with LaTeX 2.09 document styles of
(scrartcl)              Script 2.0. These commands are deprecated and
(scrartcl)              undocumented at least since 2003. Since 2013,
(scrartcl)              KOMA-Script classes warned about soon removement of
(scrartcl)              these deprecated commands. Now, after two decades of
(scrartcl)              LaTeX2e, NFSS2, and KOMA-Script these commands will
(scrartcl)              not work any longer. If loading a package results in
(scrartcl)              this message you should contact the author of that
(scrartcl)              package and ask him to replace the depracted font
(scrartcl)              command `\bf', e.g., by `\normalfont \bfseries '.
(scrartcl)              Otherwise you should reconfigure or replace the
(scrartcl)              package. If you have used the old font command
(scrartcl)              `\bf' yourself you should replace it, e.g., by
(scrartcl)              `\normalfont \bfseries ' on input line 311.


Overfull \hbox (3.53485pt too wide) in paragraph at lines 309--334
 [] 
 []


Class scrartcl Warning: deprecated old font command `\bf' used.
(scrartcl)              You should note, that since 1994 LaTeX2e provides a
(scrartcl)              new font selection scheme called NFSS2 with several
(scrartcl)              new, combinable font commands. New KOMA-Script classes
(scrartcl)              defined the old font commands like `\bf' only for
(scrartcl)              compatibility with LaTeX 2.09 document styles of
(scrartcl)              Script 2.0. These commands are deprecated and
(scrartcl)              undocumented at least since 2003. Since 2013,
(scrartcl)              KOMA-Script classes warned about soon removement of
(scrartcl)              these deprecated commands. Now, after two decades of
(scrartcl)              LaTeX2e, NFSS2, and KOMA-Script these commands will
(scrartcl)              not work any longer. If loading a package results in
(scrartcl)              this message you should contact the author of that
(scrartcl)              package and ask him to replace the depracted font
(scrartcl)              command `\bf', e.g., by `\normalfont \bfseries '.
(scrartcl)              Otherwise you should reconfigure or replace the
(scrartcl)              package. If you have used the old font command
(scrartcl)              `\bf' yourself you should replace it, e.g., by
(scrartcl)              `\normalfont \bfseries ' on input line 347.


Class scrartcl Warning: deprecated old font command `\bf' used.
(scrartcl)              You should note, that since 1994 LaTeX2e provides a
(scrartcl)              new font selection scheme called NFSS2 with several
(scrartcl)              new, combinable font commands. New KOMA-Script classes
(scrartcl)              defined the old font commands like `\bf' only for
(scrartcl)              compatibility with LaTeX 2.09 document styles of
(scrartcl)              Script 2.0. These commands are deprecated and
(scrartcl)              undocumented at least since 2003. Since 2013,
(scrartcl)              KOMA-Script classes warned about soon removement of
(scrartcl)              these deprecated commands. Now, after two decades of
(scrartcl)              LaTeX2e, NFSS2, and KOMA-Script these commands will
(scrartcl)              not work any longer. If loading a package results in
(scrartcl)              this message you should contact the author of that
(scrartcl)              package and ask him to replace the depracted font
(scrartcl)              command `\bf', e.g., by `\normalfont \bfseries '.
(scrartcl)              Otherwise you should reconfigure or replace the
(scrartcl)              package. If you have used the old font command
(scrartcl)              `\bf' yourself you should replace it, e.g., by
(scrartcl)              `\normalfont \bfseries ' on input line 347.

[9]

Class scrartcl Warning: deprecated old font command `\bf' used.
(scrartcl)              You should note, that since 1994 LaTeX2e provides a
(scrartcl)              new font selection scheme called NFSS2 with several
(scrartcl)              new, combinable font commands. New KOMA-Script classes
(scrartcl)              defined the old font commands like `\bf' only for
(scrartcl)              compatibility with LaTeX 2.09 document styles of
(scrartcl)              Script 2.0. These commands are deprecated and
(scrartcl)              undocumented at least since 2003. Since 2013,
(scrartcl)              KOMA-Script classes warned about soon removement of
(scrartcl)              these deprecated commands. Now, after two decades of
(scrartcl)              LaTeX2e, NFSS2, and KOMA-Script these commands will
(scrartcl)              not work any longer. If loading a package results in
(scrartcl)              this message you should contact the author of that
(scrartcl)              package and ask him to replace the depracted font
(scrartcl)              command `\bf', e.g., by `\normalfont \bfseries '.
(scrartcl)              Otherwise you should reconfigure or replace the
(scrartcl)              package. If you have used the old font command
(scrartcl)              `\bf' yourself you should replace it, e.g., by
(scrartcl)              `\normalfont \bfseries ' on input line 394.


Class scrartcl Warning: deprecated old font command `\bf' used.
(scrartcl)              You should note, that since 1994 LaTeX2e provides a
(scrartcl)              new font selection scheme called NFSS2 with several
(scrartcl)              new, combinable font commands. New KOMA-Script classes
(scrartcl)              defined the old font commands like `\bf' only for
(scrartcl)              compatibility with LaTeX 2.09 document styles of
(scrartcl)              Script 2.0. These commands are deprecated and
(scrartcl)              undocumented at least since 2003. Since 2013,
(scrartcl)              KOMA-Script classes warned about soon removement of
(scrartcl)              these deprecated commands. Now, after two decades of
(scrartcl)              LaTeX2e, NFSS2, and KOMA-Script these commands will
(scrartcl)              not work any longer. If loading a package results in
(scrartcl)              this message you should contact the author of that
(scrartcl)              package and ask him to replace the depracted font
(scrartcl)              command `\bf', e.g., by `\normalfont \bfseries '.
(scrartcl)              Otherwise you should reconfigure or replace the
(scrartcl)              package. If you have used the old font command
(scrartcl)              `\bf' yourself you should replace it, e.g., by
(scrartcl)              `\normalfont \bfseries ' on input line 394.

[10] [11]

Class scrartcl Warning: deprecated old font command `\bf' used.
(scrartcl)              You should note, that since 1994 LaTeX2e provides a
(scrartcl)              new font selection scheme called NFSS2 with several
(scrartcl)              new, combinable font commands. New KOMA-Script classes
(scrartcl)              defined the old font commands like `\bf' only for
(scrartcl)              compatibility with LaTeX 2.09 document styles of
(scrartcl)              Script 2.0. These commands are deprecated and
(scrartcl)              undocumented at least since 2003. Since 2013,
(scrartcl)              KOMA-Script classes warned about soon removement of
(scrartcl)              these deprecated commands. Now, after two decades of
(scrartcl)              LaTeX2e, NFSS2, and KOMA-Script these commands will
(scrartcl)              not work any longer. If loading a package results in
(scrartcl)              this message you should contact the author of that
(scrartcl)              package and ask him to replace the depracted font
(scrartcl)              command `\bf', e.g., by `\normalfont \bfseries '.
(scrartcl)              Otherwise you should reconfigure or replace the
(scrartcl)              package. If you have used the old font command
(scrartcl)              `\bf' yourself you should replace it, e.g., by
(scrartcl)              `\normalfont \bfseries ' on input line 444.


Class scrartcl Warning: deprecated old font command `\bf' used.
(scrartcl)              You should note, that since 1994 LaTeX2e provides a
(scrartcl)              new font selection scheme called NFSS2 with several
(scrartcl)              new, combinable font commands. New KOMA-Script classes
(scrartcl)              defined the old font commands like `\bf' only for
(scrartcl)              compatibility with LaTeX 2.09 document styles of
(scrartcl)              Script 2.0. These commands are deprecated and
(scrartcl)              undocumented at least since 2003. Since 2013,
(scrartcl)              KOMA-Script classes warned about soon removement of
(scrartcl)              these deprecated commands. Now, after two decades of
(scrartcl)              LaTeX2e, NFSS2, and KOMA-Script these commands will
(scrartcl)              not work any longer. If loading a package results in
(scrartcl)              this message you should contact the author of that
(scrartcl)              package and ask him to replace the depracted font
(scrartcl)              command `\bf', e.g., by `\normalfont \bfseries '.
(scrartcl)              Otherwise you should reconfigure or replace the
(scrartcl)              package. If you have used the old font command
(scrartcl)              `\bf' yourself you should replace it, e.g., by
(scrartcl)              `\normalfont \bfseries ' on input line 444.

[12]

Class scrartcl Warning: deprecated old font command `\bf' used.
(scrartcl)              You should note, that since 1994 LaTeX2e provides a
(scrartcl)              new font selection scheme called NFSS2 with several
(scrartcl)              new, combinable font commands. New KOMA-Script classes
(scrartcl)              defined the old font commands like `\bf' only for
(scrartcl)              compatibility with LaTeX 2.09 document styles of
(scrartcl)              Script 2.0. These commands are deprecated and
(scrartcl)              undocumented at least since 2003. Since 2013,
(scrartcl)              KOMA-Script classes warned about soon removement of
(scrartcl)              these deprecated commands. Now, after two decades of
(scrartcl)              LaTeX2e, NFSS2, and KOMA-Script these commands will
(scrartcl)              not work any longer. If loading a package results in
(scrartcl)              this message you should contact the author of that
(scrartcl)              package and ask him to replace the depracted font
(scrartcl)              command `\bf', e.g., by `\normalfont \bfseries '.
(scrartcl)              Otherwise you should reconfigure or replace the
(scrartcl)              package. If you have used the old font command
(scrartcl)              `\bf' yourself you should replace it, e.g., by
(scrartcl)              `\normalfont \bfseries ' on input line 480.


Class scrartcl Warning: deprecated old font command `\bf' used.
(scrartcl)              You should note, that since 1994 LaTeX2e provides a
(scrartcl)              new font selection scheme called NFSS2 with several
(scrartcl)              new, combinable font commands. New KOMA-Script classes
(scrartcl)              defined the old font commands like `\bf' only for
(scrartcl)              compatibility with LaTeX 2.09 document styles of
(scrartcl)              Script 2.0. These commands are deprecated and
(scrartcl)              undocumented at least since 2003. Since 2013,
(scrartcl)              KOMA-Script classes warned about soon removement of
(scrartcl)              these deprecated commands. Now, after two decades of
(scrartcl)              LaTeX2e, NFSS2, and KOMA-Script these commands will
(scrartcl)              not work any longer. If loading a package results in
(scrartcl)              this message you should contact the author of that
(scrartcl)              package and ask him to replace the depracted font
(scrartcl)              command `\bf', e.g., by `\normalfont \bfseries '.
(scrartcl)              Otherwise you should reconfigure or replace the
(scrartcl)              package. If you have used the old font command
(scrartcl)              `\bf' yourself you should replace it, e.g., by
(scrartcl)              `\normalfont \bfseries ' on input line 480.


Overfull \hbox (0.97163pt too wide) in paragraph at lines 478--502
 [] 
 []

[13]

LaTeX3 Info: Redefining command \BeforeClosingMainAux with sig. 'm' on line
(LaTeX3)     515.


LaTeX3 Info: Redefining command \BeforeClosingMainAux with sig. 'm' on line
(LaTeX3)     515.


LaTeX3 Info: Redefining command \BeforeClosingMainAux with sig. 'm' on line
(LaTeX3)     515.

 (Matlab_Manual.aux) ) 
Here is how much of TeX's memory you used:
 6925 strings out of 480204
 126818 string characters out of 2878053
 585203 words of memory out of 3000000
 23425 multiletter control sequences out of 15000+200000
 544265 words of font info for 61 fonts, out of 3000000 for 9000
 1141 hyphenation exceptions out of 8191
 106i,12n,111p,10647b,1555s stack positions out of 5000i,500n,10000p,200000b,50000s

Output written on Matlab_Manual.dvi (13 pages, 58812 bytes).
